This file contains any messages produced by compilers while
running configure, to aid debugging if configure makes a mistake.

It was created by justine configure 0.0.17, which was
generated by GNU Autoconf 2.69.  Invocation command line was

  $ ./configure 

## --------- ##
## Platform. ##
## --------- ##

hostname = e4-42-a6-5a-74-72.pool.unideb.hu
uname -m = x86_64
uname -r = 4.15.0-36-generic
uname -s = Linux
uname -v = #39-Ubuntu SMP Mon Sep 24 16:19:09 UTC 2018

/usr/bin/uname -p = unknown
/bin/uname -X     = unknown

/bin/arch              = unknown
/usr/bin/arch -k       = unknown
/usr/convex/getsysinfo = unknown
/usr/bin/hostinfo      = unknown
/bin/machine           = unknown
/usr/bin/oslevel       = unknown
/bin/universe          = unknown

PATH: /usr/local/sbin
PATH: /usr/local/bin
PATH: /usr/sbin
PATH: /usr/bin
PATH: /sbin
PATH: /bin
PATH: /usr/games
PATH: /usr/local/games
PATH: /snap/bin
PATH: /usr/lib/jvm/java-8-oracle/bin
PATH: /usr/lib/jvm/java-8-oracle/db/bin
PATH: /usr/lib/jvm/java-8-oracle/jre/bin


## ----------- ##
## Core tests. ##
## ----------- ##

configure:2634: checking for a BSD-compatible install
configure:2702: result: /usr/bin/install -c
configure:2713: checking whether build environment is sane
configure:2768: result: yes
configure:2919: checking for a thread-safe mkdir -p
configure:2958: result: /bin/mkdir -p
configure:2965: checking for gawk
configure:2995: result: no
configure:2965: checking for mawk
configure:2981: found /usr/bin/mawk
configure:2992: result: mawk
configure:3003: checking whether make sets $(MAKE)
configure:3025: result: yes
configure:3054: checking whether make supports nested variables
configure:3071: result: yes
configure:3209: checking for style of include used by make
configure:3237: result: GNU
configure:3308: checking for gcc
configure:3324: found /usr/bin/gcc
configure:3335: result: gcc
configure:3564: checking for C compiler version
configure:3573: gcc --version >&5
gcc (Ubuntu 7.3.0-16ubuntu3) 7.3.0
Copyright (C) 2017 Free Software Foundation, Inc.
This is free software; see the source for copying conditions.  There is NO
warranty; not even for MERCHANTABILITY or FITNESS FOR A PARTICULAR PURPOSE.

configure:3584: $? = 0
configure:3573: gcc -v >&5
Using built-in specs.
COLLECT_GCC=gcc
COLLECT_LTO_WRAPPER=/usr/lib/gcc/x86_64-linux-gnu/7/lto-wrapper
OFFLOAD_TARGET_NAMES=nvptx-none
OFFLOAD_TARGET_DEFAULT=1
Target: x86_64-linux-gnu
Configured with: ../src/configure -v --with-pkgversion='Ubuntu 7.3.0-16ubuntu3' --with-bugurl=file:///usr/share/doc/gcc-7/README.Bugs --enable-languages=c,ada,c++,go,brig,d,fortran,objc,obj-c++ --prefix=/usr --with-gcc-major-version-only --with-as=/usr/bin/x86_64-linux-gnu-as --with-ld=/usr/bin/x86_64-linux-gnu-ld --program-suffix=-7 --program-prefix=x86_64-linux-gnu- --enable-shared --enable-linker-build-id --libexecdir=/usr/lib --without-included-gettext --enable-threads=posix --libdir=/usr/lib --enable-nls --with-sysroot=/ --enable-clocale=gnu --enable-libstdcxx-debug --enable-libstdcxx-time=yes --with-default-libstdcxx-abi=new --enable-gnu-unique-object --disable-vtable-verify --enable-libmpx --enable-plugin --enable-default-pie --with-system-zlib --with-target-system-zlib --enable-objc-gc=auto --enable-multiarch --disable-werror --with-arch-32=i686 --with-abi=m64 --with-multilib-list=m32,m64,mx32 --enable-multilib --with-tune=generic --enable-offload-targets=nvptx-none --without-cuda-driver --enable-checking=release --build=x86_64-linux-gnu --host=x86_64-linux-gnu --target=x86_64-linux-gnu
Thread model: posix
gcc version 7.3.0 (Ubuntu 7.3.0-16ubuntu3) 
configure:3584: $? = 0
configure:3573: gcc -V >&5
gcc: error: unrecognized command line option '-V'
gcc: fatal error: no input files
compilation terminated.
configure:3584: $? = 1
configure:3573: gcc -qversion >&5
gcc: error: unrecognized command line option '-qversion'; did you mean '--version'?
gcc: fatal error: no input files
compilation terminated.
configure:3584: $? = 1
configure:3604: checking whether the C compiler works
configure:3626: gcc    conftest.c  >&5
configure:3630: $? = 0
configure:3678: result: yes
configure:3681: checking for C compiler default output file name
configure:3683: result: a.out
configure:3689: checking for suffix of executables
configure:3696: gcc -o conftest    conftest.c  >&5
configure:3700: $? = 0
configure:3722: result: 
configure:3744: checking whether we are cross compiling
configure:3752: gcc -o conftest    conftest.c  >&5
configure:3756: $? = 0
configure:3763: ./conftest
configure:3767: $? = 0
configure:3782: result: no
configure:3787: checking for suffix of object files
configure:3809: gcc -c   conftest.c >&5
configure:3813: $? = 0
configure:3834: result: o
configure:3838: checking whether we are using the GNU C compiler
configure:3857: gcc -c   conftest.c >&5
configure:3857: $? = 0
configure:3866: result: yes
configure:3875: checking whether gcc accepts -g
configure:3895: gcc -c -g  conftest.c >&5
configure:3895: $? = 0
configure:3936: result: yes
configure:3953: checking for gcc option to accept ISO C89
configure:4016: gcc  -c -g -O2  conftest.c >&5
configure:4016: $? = 0
configure:4029: result: none needed
configure:4054: checking whether gcc understands -c and -o together
configure:4076: gcc -c conftest.c -o conftest2.o
configure:4079: $? = 0
configure:4076: gcc -c conftest.c -o conftest2.o
configure:4079: $? = 0
configure:4091: result: yes
configure:4110: checking dependency style of gcc
configure:4221: result: gcc3
configure:4237: checking for pthread_create in -lpthread
configure:4262: gcc -o conftest -g -O2   conftest.c -lpthread   >&5
configure:4262: $? = 0
configure:4271: result: yes
configure:4336: checking for pkg-config
configure:4354: found /usr/bin/pkg-config
configure:4366: result: /usr/bin/pkg-config
configure:4391: checking pkg-config is at least version 0.9.0
configure:4394: result: yes
configure:4404: checking for protobuf
configure:4411: $PKG_CONFIG --exists --print-errors "protobuf"
configure:4414: $? = 0
configure:4428: $PKG_CONFIG --exists --print-errors "protobuf"
configure:4431: $? = 0
configure:4489: result: yes
configure:4552: checking for g++
configure:4568: found /usr/bin/g++
configure:4579: result: g++
configure:4606: checking for C++ compiler version
configure:4615: g++ --version >&5
g++ (Ubuntu 7.3.0-16ubuntu3) 7.3.0
Copyright (C) 2017 Free Software Foundation, Inc.
This is free software; see the source for copying conditions.  There is NO
warranty; not even for MERCHANTABILITY or FITNESS FOR A PARTICULAR PURPOSE.

configure:4626: $? = 0
configure:4615: g++ -v >&5
Using built-in specs.
COLLECT_GCC=g++
COLLECT_LTO_WRAPPER=/usr/lib/gcc/x86_64-linux-gnu/7/lto-wrapper
OFFLOAD_TARGET_NAMES=nvptx-none
OFFLOAD_TARGET_DEFAULT=1
Target: x86_64-linux-gnu
Configured with: ../src/configure -v --with-pkgversion='Ubuntu 7.3.0-16ubuntu3' --with-bugurl=file:///usr/share/doc/gcc-7/README.Bugs --enable-languages=c,ada,c++,go,brig,d,fortran,objc,obj-c++ --prefix=/usr --with-gcc-major-version-only --with-as=/usr/bin/x86_64-linux-gnu-as --with-ld=/usr/bin/x86_64-linux-gnu-ld --program-suffix=-7 --program-prefix=x86_64-linux-gnu- --enable-shared --enable-linker-build-id --libexecdir=/usr/lib --without-included-gettext --enable-threads=posix --libdir=/usr/lib --enable-nls --with-sysroot=/ --enable-clocale=gnu --enable-libstdcxx-debug --enable-libstdcxx-time=yes --with-default-libstdcxx-abi=new --enable-gnu-unique-object --disable-vtable-verify --enable-libmpx --enable-plugin --enable-default-pie --with-system-zlib --with-target-system-zlib --enable-objc-gc=auto --enable-multiarch --disable-werror --with-arch-32=i686 --with-abi=m64 --with-multilib-list=m32,m64,mx32 --enable-multilib --with-tune=generic --enable-offload-targets=nvptx-none --without-cuda-driver --enable-checking=release --build=x86_64-linux-gnu --host=x86_64-linux-gnu --target=x86_64-linux-gnu
Thread model: posix
gcc version 7.3.0 (Ubuntu 7.3.0-16ubuntu3) 
configure:4626: $? = 0
configure:4615: g++ -V >&5
g++: error: unrecognized command line option '-V'
g++: fatal error: no input files
compilation terminated.
configure:4626: $? = 1
configure:4615: g++ -qversion >&5
g++: error: unrecognized command line option '-qversion'; did you mean '--version'?
g++: fatal error: no input files
compilation terminated.
configure:4626: $? = 1
configure:4630: checking whether we are using the GNU C++ compiler
configure:4649: g++ -c   conftest.cpp >&5
configure:4649: $? = 0
configure:4658: result: yes
configure:4667: checking whether g++ accepts -g
configure:4687: g++ -c -g  conftest.cpp >&5
configure:4687: $? = 0
configure:4728: result: yes
configure:4753: checking dependency style of g++
configure:4864: result: gcc3
configure:4987: checking for doxygen
configure:5005: found /usr/bin/doxygen
configure:5017: result: /usr/bin/doxygen
configure:5093: checking for perl
configure:5111: found /usr/bin/perl
configure:5123: result: /usr/bin/perl
configure:6380: checking for pdflatex
configure:6413: result: no
configure:6433: WARNING: pdflatex not found - will not generate doxygen PDF documentation
configure:6486: checking for makeindex
configure:6519: result: no
configure:6592: checking for egrep
configure:6610: found /bin/egrep
configure:6622: result: /bin/egrep
configure:6734: checking whether g++ supports C++11 features by default
configure:6768: g++ -c -Wall -std=c++1y -O3  conftest.cpp >&5
configure:6768: $? = 0
configure:6775: result: yes
configure:6950: checking build system type
configure:6964: result: x86_64-pc-linux-gnu
configure:6984: checking host system type
configure:6997: result: x86_64-pc-linux-gnu
configure:7038: checking how to print strings
configure:7065: result: printf
configure:7086: checking for a sed that does not truncate output
configure:7150: result: /bin/sed
configure:7168: checking for grep that handles long lines and -e
configure:7226: result: /bin/grep
configure:7231: checking for egrep
configure:7293: result: /bin/grep -E
configure:7298: checking for fgrep
configure:7360: result: /bin/grep -F
configure:7395: checking for ld used by gcc
configure:7462: result: /usr/bin/x86_64-linux-gnu-ld
configure:7469: checking if the linker (/usr/bin/x86_64-linux-gnu-ld) is GNU ld
configure:7484: result: yes
configure:7496: checking for BSD- or MS-compatible name lister (nm)
configure:7550: result: /usr/bin/nm -B
configure:7680: checking the name lister (/usr/bin/nm -B) interface
configure:7687: g++ -c -Wall -std=c++1y -O3  conftest.cpp >&5
configure:7690: /usr/bin/nm -B "conftest.o"
configure:7693: output
0000000000000000 B some_variable
configure:7700: result: BSD nm
configure:7703: checking whether ln -s works
configure:7707: result: yes
configure:7715: checking the maximum length of command line arguments
configure:7846: result: 1572864
configure:7894: checking how to convert x86_64-pc-linux-gnu file names to x86_64-pc-linux-gnu format
configure:7934: result: func_convert_file_noop
configure:7941: checking how to convert x86_64-pc-linux-gnu file names to toolchain format
configure:7961: result: func_convert_file_noop
configure:7968: checking for /usr/bin/x86_64-linux-gnu-ld option to reload object files
configure:7975: result: -r
configure:8049: checking for objdump
configure:8065: found /usr/bin/objdump
configure:8076: result: objdump
configure:8108: checking how to recognize dependent libraries
configure:8308: result: pass_all
configure:8393: checking for dlltool
configure:8423: result: no
configure:8453: checking how to associate runtime and link libraries
configure:8480: result: printf %s\n
configure:8540: checking for ar
configure:8556: found /usr/bin/ar
configure:8567: result: ar
configure:8604: checking for archiver @FILE support
configure:8621: g++ -c -Wall -std=c++1y -O3  conftest.cpp >&5
configure:8621: $? = 0
configure:8624: ar cru libconftest.a @conftest.lst >&5
ar: `u' modifier ignored since `D' is the default (see `U')
configure:8627: $? = 0
configure:8632: ar cru libconftest.a @conftest.lst >&5
ar: `u' modifier ignored since `D' is the default (see `U')
ar: conftest.o: No such file or directory
configure:8635: $? = 1
configure:8647: result: @
configure:8705: checking for strip
configure:8721: found /usr/bin/strip
configure:8732: result: strip
configure:8804: checking for ranlib
configure:8820: found /usr/bin/ranlib
configure:8831: result: ranlib
configure:8933: checking command to parse /usr/bin/nm -B output from gcc object
configure:9086: g++ -c -Wall -std=c++1y -O3  conftest.cpp >&5
configure:9089: $? = 0
configure:9093: /usr/bin/nm -B conftest.o \| sed -n -e 's/^.*[ ]\([ABCDGIRSTW][ABCDGIRSTW]*\)[ ][ ]*\([_A-Za-z][_A-Za-z0-9]*\)$/\1 \2 \2/p' | sed '/ __gnu_lto/d' \> conftest.nm
configure:9096: $? = 0
configure:9162: g++ -o conftest -Wall -std=c++1y -O3  -lboost_system -lpthread -lboost_date_time -lboost_filesystem conftest.cpp conftstm.o >&5
configure:9165: $? = 0
configure:9203: result: ok
configure:9250: checking for sysroot
configure:9280: result: no
configure:9287: checking for a working dd
configure:9325: result: /bin/dd
configure:9329: checking how to truncate binary pipes
configure:9344: result: /bin/dd bs=4096 count=1
configure:9480: g++ -c -Wall -std=c++1y -O3  conftest.cpp >&5
configure:9483: $? = 0
configure:9673: checking for mt
configure:9689: found /bin/mt
configure:9700: result: mt
configure:9723: checking if mt is a manifest tool
configure:9729: mt '-?'
configure:9737: result: no
configure:10414: checking how to run the C preprocessor
configure:10445: gcc -E  conftest.c
configure:10445: $? = 0
configure:10459: gcc -E  conftest.c
conftest.c:12:10: fatal error: ac_nonexistent.h: No such file or directory
 #include <ac_nonexistent.h>
          ^~~~~~~~~~~~~~~~~~
compilation terminated.
configure:10459: $? = 1
configure: failed program was:
| /* confdefs.h */
| #define PACKAGE_NAME "justine"
| #define PACKAGE_TARNAME "justine"
| #define PACKAGE_VERSION "0.0.17"
| #define PACKAGE_STRING "justine 0.0.17"
| #define PACKAGE_BUGREPORT "nbatfai@gmail.com"
| #define PACKAGE_URL ""
| #define PACKAGE "justine"
| #define VERSION "0.0.17"
| #define HAVE_LIBPTHREAD 1
| /* end confdefs.h.  */
| #include <ac_nonexistent.h>
configure:10484: result: gcc -E
configure:10504: gcc -E  conftest.c
configure:10504: $? = 0
configure:10518: gcc -E  conftest.c
conftest.c:12:10: fatal error: ac_nonexistent.h: No such file or directory
 #include <ac_nonexistent.h>
          ^~~~~~~~~~~~~~~~~~
compilation terminated.
configure:10518: $? = 1
configure: failed program was:
| /* confdefs.h */
| #define PACKAGE_NAME "justine"
| #define PACKAGE_TARNAME "justine"
| #define PACKAGE_VERSION "0.0.17"
| #define PACKAGE_STRING "justine 0.0.17"
| #define PACKAGE_BUGREPORT "nbatfai@gmail.com"
| #define PACKAGE_URL ""
| #define PACKAGE "justine"
| #define VERSION "0.0.17"
| #define HAVE_LIBPTHREAD 1
| /* end confdefs.h.  */
| #include <ac_nonexistent.h>
configure:10547: checking for ANSI C header files
configure:10567: gcc -c -g -O2  conftest.c >&5
configure:10567: $? = 0
configure:10640: gcc -o conftest -g -O2  -lboost_system -lpthread -lboost_date_time -lboost_filesystem conftest.c -lpthread  >&5
configure:10640: $? = 0
configure:10640: ./conftest
configure:10640: $? = 0
configure:10651: result: yes
configure:10664: checking for sys/types.h
configure:10664: gcc -c -g -O2  conftest.c >&5
configure:10664: $? = 0
configure:10664: result: yes
configure:10664: checking for sys/stat.h
configure:10664: gcc -c -g -O2  conftest.c >&5
configure:10664: $? = 0
configure:10664: result: yes
configure:10664: checking for stdlib.h
configure:10664: gcc -c -g -O2  conftest.c >&5
configure:10664: $? = 0
configure:10664: result: yes
configure:10664: checking for string.h
configure:10664: gcc -c -g -O2  conftest.c >&5
configure:10664: $? = 0
configure:10664: result: yes
configure:10664: checking for memory.h
configure:10664: gcc -c -g -O2  conftest.c >&5
configure:10664: $? = 0
configure:10664: result: yes
configure:10664: checking for strings.h
configure:10664: gcc -c -g -O2  conftest.c >&5
configure:10664: $? = 0
configure:10664: result: yes
configure:10664: checking for inttypes.h
configure:10664: gcc -c -g -O2  conftest.c >&5
configure:10664: $? = 0
configure:10664: result: yes
configure:10664: checking for stdint.h
configure:10664: gcc -c -g -O2  conftest.c >&5
configure:10664: $? = 0
configure:10664: result: yes
configure:10664: checking for unistd.h
configure:10664: gcc -c -g -O2  conftest.c >&5
configure:10664: $? = 0
configure:10664: result: yes
configure:10678: checking for dlfcn.h
configure:10678: gcc -c -g -O2  conftest.c >&5
configure:10678: $? = 0
configure:10678: result: yes
configure:10944: checking for objdir
configure:10959: result: .libs
configure:11223: checking if gcc supports -fno-rtti -fno-exceptions
configure:11241: gcc -c -g -O2  -fno-rtti -fno-exceptions conftest.c >&5
cc1: warning: command line option '-fno-rtti' is valid for C++/ObjC++ but not for C
configure:11245: $? = 0
configure:11258: result: no
configure:11616: checking for gcc option to produce PIC
configure:11623: result: -fPIC -DPIC
configure:11631: checking if gcc PIC flag -fPIC -DPIC works
configure:11649: gcc -c -g -O2  -fPIC -DPIC -DPIC conftest.c >&5
configure:11653: $? = 0
configure:11666: result: yes
configure:11695: checking if gcc static flag -static works
configure:11723: result: yes
configure:11738: checking if gcc supports -c -o file.o
configure:11759: gcc -c -g -O2  -o out/conftest2.o conftest.c >&5
configure:11763: $? = 0
configure:11785: result: yes
configure:11793: checking if gcc supports -c -o file.o
configure:11840: result: yes
configure:11873: checking whether the gcc linker (/usr/bin/x86_64-linux-gnu-ld -m elf_x86_64) supports shared libraries
configure:13136: result: yes
configure:13173: checking whether -lc should be explicitly linked in
configure:13181: gcc -c -g -O2  conftest.c >&5
configure:13184: $? = 0
configure:13199: gcc -shared  -fPIC -DPIC conftest.o  -v -Wl,-soname -Wl,conftest -o conftest 2\>\&1 \| /bin/grep  -lc  \>/dev/null 2\>\&1
configure:13202: $? = 0
configure:13216: result: no
configure:13376: checking dynamic linker characteristics
configure:13957: gcc -o conftest -g -O2  -lboost_system -lpthread -lboost_date_time -lboost_filesystem -Wl,-rpath -Wl,/foo conftest.c -lpthread  >&5
configure:13957: $? = 0
configure:14206: result: GNU/Linux ld.so
configure:14328: checking how to hardcode library paths into programs
configure:14353: result: immediate
configure:14901: checking whether stripping libraries is possible
configure:14906: result: yes
configure:14941: checking if libtool supports shared libraries
configure:14943: result: yes
configure:14946: checking whether to build shared libraries
configure:14971: result: yes
configure:14974: checking whether to build static libraries
configure:14978: result: yes
configure:15001: checking how to run the C++ preprocessor
configure:15028: g++ -E  conftest.cpp
configure:15028: $? = 0
configure:15042: g++ -E  conftest.cpp
conftest.cpp:24:10: fatal error: ac_nonexistent.h: No such file or directory
 #include <ac_nonexistent.h>
          ^~~~~~~~~~~~~~~~~~
compilation terminated.
configure:15042: $? = 1
configure: failed program was:
| /* confdefs.h */
| #define PACKAGE_NAME "justine"
| #define PACKAGE_TARNAME "justine"
| #define PACKAGE_VERSION "0.0.17"
| #define PACKAGE_STRING "justine 0.0.17"
| #define PACKAGE_BUGREPORT "nbatfai@gmail.com"
| #define PACKAGE_URL ""
| #define PACKAGE "justine"
| #define VERSION "0.0.17"
| #define HAVE_LIBPTHREAD 1
| #define STDC_HEADERS 1
| #define HAVE_SYS_TYPES_H 1
| #define HAVE_SYS_STAT_H 1
| #define HAVE_STDLIB_H 1
| #define HAVE_STRING_H 1
| #define HAVE_MEMORY_H 1
| #define HAVE_STRINGS_H 1
| #define HAVE_INTTYPES_H 1
| #define HAVE_STDINT_H 1
| #define HAVE_UNISTD_H 1
| #define HAVE_DLFCN_H 1
| #define LT_OBJDIR ".libs/"
| /* end confdefs.h.  */
| #include <ac_nonexistent.h>
configure:15067: result: g++ -E
configure:15087: g++ -E  conftest.cpp
configure:15087: $? = 0
configure:15101: g++ -E  conftest.cpp
conftest.cpp:24:10: fatal error: ac_nonexistent.h: No such file or directory
 #include <ac_nonexistent.h>
          ^~~~~~~~~~~~~~~~~~
compilation terminated.
configure:15101: $? = 1
configure: failed program was:
| /* confdefs.h */
| #define PACKAGE_NAME "justine"
| #define PACKAGE_TARNAME "justine"
| #define PACKAGE_VERSION "0.0.17"
| #define PACKAGE_STRING "justine 0.0.17"
| #define PACKAGE_BUGREPORT "nbatfai@gmail.com"
| #define PACKAGE_URL ""
| #define PACKAGE "justine"
| #define VERSION "0.0.17"
| #define HAVE_LIBPTHREAD 1
| #define STDC_HEADERS 1
| #define HAVE_SYS_TYPES_H 1
| #define HAVE_SYS_STAT_H 1
| #define HAVE_STDLIB_H 1
| #define HAVE_STRING_H 1
| #define HAVE_MEMORY_H 1
| #define HAVE_STRINGS_H 1
| #define HAVE_INTTYPES_H 1
| #define HAVE_STDINT_H 1
| #define HAVE_UNISTD_H 1
| #define HAVE_DLFCN_H 1
| #define LT_OBJDIR ".libs/"
| /* end confdefs.h.  */
| #include <ac_nonexistent.h>
configure:15263: checking for ld used by g++
configure:15330: result: /usr/bin/x86_64-linux-gnu-ld -m elf_x86_64
configure:15337: checking if the linker (/usr/bin/x86_64-linux-gnu-ld -m elf_x86_64) is GNU ld
configure:15352: result: yes
configure:15407: checking whether the g++ linker (/usr/bin/x86_64-linux-gnu-ld -m elf_x86_64) supports shared libraries
configure:16480: result: yes
configure:16516: g++ -c -Wall -std=c++1y -O3  conftest.cpp >&5
configure:16519: $? = 0
configure:17000: checking for g++ option to produce PIC
configure:17007: result: -fPIC -DPIC
configure:17015: checking if g++ PIC flag -fPIC -DPIC works
configure:17033: g++ -c -Wall -std=c++1y -O3  -fPIC -DPIC -DPIC conftest.cpp >&5
configure:17037: $? = 0
configure:17050: result: yes
configure:17073: checking if g++ static flag -static works
configure:17101: result: yes
configure:17113: checking if g++ supports -c -o file.o
configure:17134: g++ -c -Wall -std=c++1y -O3  -o out/conftest2.o conftest.cpp >&5
configure:17138: $? = 0
configure:17160: result: yes
configure:17165: checking if g++ supports -c -o file.o
configure:17212: result: yes
configure:17242: checking whether the g++ linker (/usr/bin/x86_64-linux-gnu-ld -m elf_x86_64) supports shared libraries
configure:17285: result: yes
configure:17426: checking dynamic linker characteristics
configure:18183: result: GNU/Linux ld.so
configure:18248: checking how to hardcode library paths into programs
configure:18273: result: immediate
configure: this is boost.m4 serial 23
configure:18363: checking for Boost headers version >= 1.46.0
configure:18434: g++ -c -Wall -std=c++1y -O3  conftest.cpp >&5
configure:18434: $? = 0
configure:18455: result: yes
configure:18474: checking for Boost's header version
configure:18502: result: 
configure:18508: error: invalid value: boost_major_version=

## ---------------- ##
## Cache variables. ##
## ---------------- ##

ac_cv_build=x86_64-pc-linux-gnu
ac_cv_c_compiler_gnu=yes
ac_cv_cxx_compiler_gnu=yes
ac_cv_env_BOOST_ROOT_set=
ac_cv_env_BOOST_ROOT_value=
ac_cv_env_CCC_set=
ac_cv_env_CCC_value=
ac_cv_env_CC_set=
ac_cv_env_CC_value=
ac_cv_env_CFLAGS_set=
ac_cv_env_CFLAGS_value=
ac_cv_env_CPPFLAGS_set=
ac_cv_env_CPPFLAGS_value=
ac_cv_env_CPP_set=
ac_cv_env_CPP_value=
ac_cv_env_CXXCPP_set=
ac_cv_env_CXXCPP_value=
ac_cv_env_CXXFLAGS_set=
ac_cv_env_CXXFLAGS_value=
ac_cv_env_CXX_set=
ac_cv_env_CXX_value=
ac_cv_env_DOXYGEN_PAPER_SIZE_set=
ac_cv_env_DOXYGEN_PAPER_SIZE_value=
ac_cv_env_LDFLAGS_set=
ac_cv_env_LDFLAGS_value=
ac_cv_env_LIBS_set=
ac_cv_env_LIBS_value=
ac_cv_env_LT_SYS_LIBRARY_PATH_set=
ac_cv_env_LT_SYS_LIBRARY_PATH_value=
ac_cv_env_PKG_CONFIG_LIBDIR_set=
ac_cv_env_PKG_CONFIG_LIBDIR_value=
ac_cv_env_PKG_CONFIG_PATH_set=
ac_cv_env_PKG_CONFIG_PATH_value=
ac_cv_env_PKG_CONFIG_set=
ac_cv_env_PKG_CONFIG_value=
ac_cv_env_build_alias_set=
ac_cv_env_build_alias_value=
ac_cv_env_host_alias_set=
ac_cv_env_host_alias_value=
ac_cv_env_protobuf_CFLAGS_set=
ac_cv_env_protobuf_CFLAGS_value=
ac_cv_env_protobuf_LIBS_set=
ac_cv_env_protobuf_LIBS_value=
ac_cv_env_target_alias_set=
ac_cv_env_target_alias_value=
ac_cv_header_dlfcn_h=yes
ac_cv_header_inttypes_h=yes
ac_cv_header_memory_h=yes
ac_cv_header_stdc=yes
ac_cv_header_stdint_h=yes
ac_cv_header_stdlib_h=yes
ac_cv_header_string_h=yes
ac_cv_header_strings_h=yes
ac_cv_header_sys_stat_h=yes
ac_cv_header_sys_types_h=yes
ac_cv_header_unistd_h=yes
ac_cv_host=x86_64-pc-linux-gnu
ac_cv_lib_pthread_pthread_create=yes
ac_cv_objext=o
ac_cv_path_EGREP='/bin/grep -E'
ac_cv_path_FGREP='/bin/grep -F'
ac_cv_path_GREP=/bin/grep
ac_cv_path_SED=/bin/sed
ac_cv_path_ac_pt_DX_DOXYGEN=/usr/bin/doxygen
ac_cv_path_ac_pt_DX_EGREP=/bin/egrep
ac_cv_path_ac_pt_DX_PERL=/usr/bin/perl
ac_cv_path_ac_pt_PKG_CONFIG=/usr/bin/pkg-config
ac_cv_path_install='/usr/bin/install -c'
ac_cv_path_lt_DD=/bin/dd
ac_cv_path_mkdir=/bin/mkdir
ac_cv_prog_AWK=mawk
ac_cv_prog_CPP='gcc -E'
ac_cv_prog_CXXCPP='g++ -E'
ac_cv_prog_ac_ct_AR=ar
ac_cv_prog_ac_ct_CC=gcc
ac_cv_prog_ac_ct_CXX=g++
ac_cv_prog_ac_ct_MANIFEST_TOOL=mt
ac_cv_prog_ac_ct_OBJDUMP=objdump
ac_cv_prog_ac_ct_RANLIB=ranlib
ac_cv_prog_ac_ct_STRIP=strip
ac_cv_prog_cc_c89=
ac_cv_prog_cc_g=yes
ac_cv_prog_cxx_g=yes
ac_cv_prog_make_make_set=yes
am_cv_CC_dependencies_compiler_type=gcc3
am_cv_CXX_dependencies_compiler_type=gcc3
am_cv_make_support_nested_variables=yes
am_cv_prog_cc_c_o=yes
ax_cv_cxx_compile_cxx11=yes
boost_cv_inc_path=yes
boost_cv_lib_version=
lt_cv_ar_at_file=@
lt_cv_archive_cmds_need_lc=no
lt_cv_deplibs_check_method=pass_all
lt_cv_file_magic_cmd='$MAGIC_CMD'
lt_cv_file_magic_test_file=
lt_cv_ld_reload_flag=-r
lt_cv_nm_interface='BSD nm'
lt_cv_objdir=.libs
lt_cv_path_LD=/usr/bin/x86_64-linux-gnu-ld
lt_cv_path_LDCXX='/usr/bin/x86_64-linux-gnu-ld -m elf_x86_64'
lt_cv_path_NM='/usr/bin/nm -B'
lt_cv_path_mainfest_tool=no
lt_cv_prog_compiler_c_o=yes
lt_cv_prog_compiler_c_o_CXX=yes
lt_cv_prog_compiler_pic='-fPIC -DPIC'
lt_cv_prog_compiler_pic_CXX='-fPIC -DPIC'
lt_cv_prog_compiler_pic_works=yes
lt_cv_prog_compiler_pic_works_CXX=yes
lt_cv_prog_compiler_rtti_exceptions=no
lt_cv_prog_compiler_static_works=yes
lt_cv_prog_compiler_static_works_CXX=yes
lt_cv_prog_gnu_ld=yes
lt_cv_prog_gnu_ldcxx=yes
lt_cv_sharedlib_from_linklib_cmd='printf %s\n'
lt_cv_shlibpath_overrides_runpath=yes
lt_cv_sys_global_symbol_pipe='sed -n -e '\''s/^.*[	 ]\([ABCDGIRSTW][ABCDGIRSTW]*\)[	 ][	 ]*\([_A-Za-z][_A-Za-z0-9]*\)$/\1 \2 \2/p'\'' | sed '\''/ __gnu_lto/d'\'''
lt_cv_sys_global_symbol_to_c_name_address='sed -n -e '\''s/^: \(.*\) .*$/  {"\1", (void *) 0},/p'\'' -e '\''s/^[ABCDGIRSTW][ABCDGIRSTW]* .* \(.*\)$/  {"\1", (void *) \&\1},/p'\'''
lt_cv_sys_global_symbol_to_c_name_address_lib_prefix='sed -n -e '\''s/^: \(.*\) .*$/  {"\1", (void *) 0},/p'\'' -e '\''s/^[ABCDGIRSTW][ABCDGIRSTW]* .* \(lib.*\)$/  {"\1", (void *) \&\1},/p'\'' -e '\''s/^[ABCDGIRSTW][ABCDGIRSTW]* .* \(.*\)$/  {"lib\1", (void *) \&\1},/p'\'''
lt_cv_sys_global_symbol_to_cdecl='sed -n -e '\''s/^T .* \(.*\)$/extern int \1();/p'\'' -e '\''s/^[ABCDGIRSTW][ABCDGIRSTW]* .* \(.*\)$/extern char \1;/p'\'''
lt_cv_sys_global_symbol_to_import=
lt_cv_sys_max_cmd_len=1572864
lt_cv_to_host_file_cmd=func_convert_file_noop
lt_cv_to_tool_file_cmd=func_convert_file_noop
lt_cv_truncate_bin='/bin/dd bs=4096 count=1'
pkg_cv_protobuf_CFLAGS=-pthread
pkg_cv_protobuf_LIBS='-lprotobuf -pthread -lpthread'

## ----------------- ##
## Output variables. ##
## ----------------- ##

ACLOCAL='${SHELL} /home/zenol/Desktop/prog2misc/6het/1/robocar-emulator-master/justine/rcemu/missing aclocal-1.15'
AMDEPBACKSLASH='\'
AMDEP_FALSE='#'
AMDEP_TRUE=''
AMTAR='$${TAR-tar}'
AM_BACKSLASH='\'
AM_CXXFLAGS=''
AM_DEFAULT_V='$(AM_DEFAULT_VERBOSITY)'
AM_DEFAULT_VERBOSITY='1'
AM_FLEXFLAGS=''
AM_LDFLAGS=''
AM_V='$(V)'
AR='ar'
AUTOCONF='${SHELL} /home/zenol/Desktop/prog2misc/6het/1/robocar-emulator-master/justine/rcemu/missing autoconf'
AUTOHEADER='${SHELL} /home/zenol/Desktop/prog2misc/6het/1/robocar-emulator-master/justine/rcemu/missing autoheader'
AUTOMAKE='${SHELL} /home/zenol/Desktop/prog2misc/6het/1/robocar-emulator-master/justine/rcemu/missing automake-1.15'
AWK='mawk'
BOOST_CPPFLAGS=''
BOOST_DATE_TIME_LDFLAGS=''
BOOST_DATE_TIME_LDPATH=''
BOOST_DATE_TIME_LIBS=''
BOOST_GRAPH_LDFLAGS=''
BOOST_GRAPH_LDPATH=''
BOOST_GRAPH_LIBS=''
BOOST_LDPATH=''
BOOST_PROGRAM_OPTIONS_LDFLAGS=''
BOOST_PROGRAM_OPTIONS_LDPATH=''
BOOST_PROGRAM_OPTIONS_LIBS=''
BOOST_ROOT=''
BOOST_SYSTEM_LDFLAGS=''
BOOST_SYSTEM_LDPATH=''
BOOST_SYSTEM_LIBS=''
BOOST_THREAD_LDFLAGS=''
BOOST_THREAD_LDPATH=''
BOOST_THREAD_LIBS=''
CC='gcc'
CCDEPMODE='depmode=gcc3'
CFLAGS='-g -O2'
CPP='gcc -E'
CPPFLAGS=''
CXX='g++'
CXXCPP='g++ -E'
CXXDEPMODE='depmode=gcc3'
CXXFLAGS='-Wall -std=c++1y -O3'
CYGPATH_W='echo'
DEFS=''
DEPDIR='.deps'
DISTCHECK_CONFIGURE_FLAGS=' '\''--with-boost='\'''
DLLTOOL='false'
DOXYGEN_PAPER_SIZE=''
DSYMUTIL=''
DUMPBIN=''
DX_COND_chi_FALSE=''
DX_COND_chi_TRUE='#'
DX_COND_chm_FALSE=''
DX_COND_chm_TRUE='#'
DX_COND_doc_FALSE='#'
DX_COND_doc_TRUE=''
DX_COND_dot_FALSE=''
DX_COND_dot_TRUE='#'
DX_COND_html_FALSE='#'
DX_COND_html_TRUE=''
DX_COND_latex_FALSE=''
DX_COND_latex_TRUE='#'
DX_COND_man_FALSE=''
DX_COND_man_TRUE='#'
DX_COND_pdf_FALSE=''
DX_COND_pdf_TRUE='#'
DX_COND_ps_FALSE=''
DX_COND_ps_TRUE='#'
DX_COND_rtf_FALSE=''
DX_COND_rtf_TRUE='#'
DX_COND_xml_FALSE=''
DX_COND_xml_TRUE='#'
DX_CONFIG='Doxyfile'
DX_DOCDIR='doc'
DX_DOT=''
DX_DOXYGEN='/usr/bin/doxygen'
DX_DVIPS=''
DX_EGREP='/bin/egrep'
DX_ENV=' SRCDIR='\''.'\'' PROJECT='\''justine'\'' DOCDIR='\''doc'\'' VERSION='\''0.0.17'\'' PERL_PATH='\''/usr/bin/perl'\'' HAVE_DOT='\''NO'\'' GENERATE_MAN='\''NO'\'' GENERATE_RTF='\''NO'\'' GENERATE_XML='\''NO'\'' GENERATE_HTMLHELP='\''NO'\'' GENERATE_CHI='\''NO'\'' GENERATE_HTML='\''YES'\'' GENERATE_LATEX='\''NO'\'''
DX_FLAG_chi='0'
DX_FLAG_chm='0'
DX_FLAG_doc='1'
DX_FLAG_dot='0'
DX_FLAG_html='1'
DX_FLAG_man='0'
DX_FLAG_pdf='0'
DX_FLAG_ps='0'
DX_FLAG_rtf='0'
DX_FLAG_xml='0'
DX_HHC=''
DX_LATEX=''
DX_MAKEINDEX=''
DX_PDFLATEX=''
DX_PERL='/usr/bin/perl'
DX_PROJECT='justine'
ECHO_C=''
ECHO_N='-n'
ECHO_T=''
EGREP='/bin/grep -E'
EXEEXT=''
FGREP='/bin/grep -F'
FLEX=''
FLEXFLAGS=''
GREP='/bin/grep'
HAVE_CXX11=''
INSTALL_DATA='${INSTALL} -m 644'
INSTALL_PROGRAM='${INSTALL}'
INSTALL_SCRIPT='${INSTALL}'
INSTALL_STRIP_PROGRAM='$(install_sh) -c -s'
LD='/usr/bin/x86_64-linux-gnu-ld -m elf_x86_64'
LDFLAGS='-lboost_system -lpthread -lboost_date_time -lboost_filesystem'
LEX=''
LEXLIB=''
LEX_OUTPUT_ROOT=''
LIBOBJS=''
LIBS='-lpthread '
LIBTOOL='$(SHELL) $(top_builddir)/libtool'
LIPO=''
LN_S='ln -s'
LTLIBOBJS=''
LT_SYS_LIBRARY_PATH=''
MAKEINFO='${SHELL} /home/zenol/Desktop/prog2misc/6het/1/robocar-emulator-master/justine/rcemu/missing makeinfo'
MANIFEST_TOOL=':'
MKDIR_P='/bin/mkdir -p'
NM='/usr/bin/nm -B'
NMEDIT=''
OBJDUMP='objdump'
OBJEXT='o'
OTOOL64=''
OTOOL=''
PACKAGE='justine'
PACKAGE_BUGREPORT='nbatfai@gmail.com'
PACKAGE_NAME='justine'
PACKAGE_STRING='justine 0.0.17'
PACKAGE_TARNAME='justine'
PACKAGE_URL=''
PACKAGE_VERSION='0.0.17'
PATH_SEPARATOR=':'
PKG_CONFIG='/usr/bin/pkg-config'
PKG_CONFIG_LIBDIR=''
PKG_CONFIG_PATH=''
RANLIB='ranlib'
SED='/bin/sed'
SET_MAKE=''
SHELL='/bin/bash'
SHM_OPEN_LIBS=''
STRIP='strip'
VERSION='0.0.17'
ac_ct_AR='ar'
ac_ct_CC='gcc'
ac_ct_CXX='g++'
ac_ct_DUMPBIN=''
am__EXEEXT_FALSE=''
am__EXEEXT_TRUE=''
am__fastdepCC_FALSE='#'
am__fastdepCC_TRUE=''
am__fastdepCXX_FALSE='#'
am__fastdepCXX_TRUE=''
am__include='include'
am__isrc=''
am__leading_dot='.'
am__nodep='_no'
am__quote=''
am__tar='$${TAR-tar} chof - "$$tardir"'
am__untar='$${TAR-tar} xf -'
bindir='${exec_prefix}/bin'
build='x86_64-pc-linux-gnu'
build_alias=''
build_cpu='x86_64'
build_os='linux-gnu'
build_vendor='pc'
datadir='${datarootdir}'
datarootdir='${prefix}/share'
docdir='${datarootdir}/doc/${PACKAGE_TARNAME}'
dvidir='${docdir}'
exec_prefix='NONE'
host='x86_64-pc-linux-gnu'
host_alias=''
host_cpu='x86_64'
host_os='linux-gnu'
host_vendor='pc'
htmldir='${docdir}'
includedir='${prefix}/include'
infodir='${datarootdir}/info'
install_sh='${SHELL} /home/zenol/Desktop/prog2misc/6het/1/robocar-emulator-master/justine/rcemu/install-sh'
libdir='${exec_prefix}/lib'
libexecdir='${exec_prefix}/libexec'
localedir='${datarootdir}/locale'
localstatedir='${prefix}/var'
mandir='${datarootdir}/man'
mkdir_p='$(MKDIR_P)'
oldincludedir='/usr/include'
pdfdir='${docdir}'
prefix='NONE'
program_transform_name='s,x,x,'
protobuf_CFLAGS='-pthread'
protobuf_LIBS='-lprotobuf -pthread -lpthread'
psdir='${docdir}'
runstatedir='${localstatedir}/run'
sbindir='${exec_prefix}/sbin'
sharedstatedir='${prefix}/com'
sysconfdir='${prefix}/etc'
target_alias=''

## ----------- ##
## confdefs.h. ##
## ----------- ##

/* confdefs.h */
#define PACKAGE_NAME "justine"
#define PACKAGE_TARNAME "justine"
#define PACKAGE_VERSION "0.0.17"
#define PACKAGE_STRING "justine 0.0.17"
#define PACKAGE_BUGREPORT "nbatfai@gmail.com"
#define PACKAGE_URL ""
#define PACKAGE "justine"
#define VERSION "0.0.17"
#define HAVE_LIBPTHREAD 1
#define STDC_HEADERS 1
#define HAVE_SYS_TYPES_H 1
#define HAVE_SYS_STAT_H 1
#define HAVE_STDLIB_H 1
#define HAVE_STRING_H 1
#define HAVE_MEMORY_H 1
#define HAVE_STRINGS_H 1
#define HAVE_INTTYPES_H 1
#define HAVE_STDINT_H 1
#define HAVE_UNISTD_H 1
#define HAVE_DLFCN_H 1
#define LT_OBJDIR ".libs/"
#define HAVE_BOOST 1

configure: exit 1
